<?xml version="1.0" encoding="UTF-8"?>
<testsuite name="com.beta.replyservice.RestServiceApplicationTest" tests="1" skipped="0" failures="0" errors="0" timestamp="2021-09-15T13:10:30" hostname="umma-khazanahs-MacBook-Air.local" time="0.32">
  <properties/>
  <testcase name="contextLoads()" classname="com.beta.replyservice.RestServiceApplicationTest" time="0.32"/>
  <system-out><![CDATA[20:10:23.285 [Test worker] DEBUG org.springframework.test.context.BootstrapUtils - Instantiating CacheAwareContextLoaderDelegate from class [org.springframework.test.context.cache.DefaultCacheAwareContextLoaderDelegate]
20:10:23.300 [Test worker] DEBUG org.springframework.test.context.BootstrapUtils - Instantiating BootstrapContext using constructor [public org.springframework.test.context.support.DefaultBootstrapContext(java.lang.Class,org.springframework.test.context.CacheAwareContextLoaderDelegate)]
20:10:23.342 [Test worker] DEBUG org.springframework.test.context.BootstrapUtils - Instantiating TestContextBootstrapper for test class [com.beta.replyservice.RestServiceApplicationTest] from class [org.springframework.boot.test.context.SpringBootTestContextBootstrapper]
20:10:23.359 [Test worker] INFO org.springframework.boot.test.context.SpringBootTestContextBootstrapper - Neither @ContextConfiguration nor @ContextHierarchy found for test class [com.beta.replyservice.RestServiceApplicationTest], using SpringBootContextLoader
20:10:23.365 [Test worker] DEBUG org.springframework.test.context.support.AbstractContextLoader - Did not detect default resource location for test class [com.beta.replyservice.RestServiceApplicationTest]: class path resource [com/beta/replyservice/RestServiceApplicationTest-context.xml] does not exist
20:10:23.366 [Test worker] DEBUG org.springframework.test.context.support.AbstractContextLoader - Did not detect default resource location for test class [com.beta.replyservice.RestServiceApplicationTest]: class path resource [com/beta/replyservice/RestServiceApplicationTestContext.groovy] does not exist
20:10:23.367 [Test worker] INFO org.springframework.test.context.support.AbstractContextLoader - Could not detect default resource locations for test class [com.beta.replyservice.RestServiceApplicationTest]: no resource found for suffixes {-context.xml, Context.groovy}.
20:10:23.368 [Test worker] INFO org.springframework.test.context.support.AnnotationConfigContextLoaderUtils - Could not detect default configuration classes for test class [com.beta.replyservice.RestServiceApplicationTest]: RestServiceApplicationTest does not declare any static, non-private, non-final, nested classes annotated with @Configuration.
20:10:23.430 [Test worker] DEBUG org.springframework.test.context.support.ActiveProfilesUtils - Could not find an 'annotation declaring class' for annotation type [org.springframework.test.context.ActiveProfiles] and class [com.beta.replyservice.RestServiceApplicationTest]
20:10:23.554 [Test worker] DEBUG org.springframework.context.annotation.ClassPathScanningCandidateComponentProvider - Identified candidate component class: file [/Users/umma_khazanah/testSingaporeCompany/string-reply/build/classes/java/main/com/beta/replyservice/RestServiceApplication.class]
20:10:23.556 [Test worker] INFO org.springframework.boot.test.context.SpringBootTestContextBootstrapper - Found @SpringBootConfiguration com.beta.replyservice.RestServiceApplication for test class com.beta.replyservice.RestServiceApplicationTest
20:10:23.677 [Test worker] DEBUG org.springframework.boot.test.context.SpringBootTestContextBootstrapper - @TestExecutionListeners is not present for class [com.beta.replyservice.RestServiceApplicationTest]: using defaults.
20:10:23.678 [Test worker] INFO org.springframework.boot.test.context.SpringBootTestContextBootstrapper - Loaded default TestExecutionListener class names from location [META-INF/spring.factories]: [org.springframework.boot.test.autoconfigure.restdocs.RestDocsTestExecutionListener, org.springframework.boot.test.autoconfigure.web.client.MockRestServiceServerResetTestExecutionListener, org.springframework.boot.test.autoconfigure.web.servlet.MockMvcPrintOnlyOnFailureTestExecutionListener, org.springframework.boot.test.autoconfigure.web.servlet.WebDriverTestExecutionListener, org.springframework.boot.test.autoconfigure.webservices.client.MockWebServiceServerTestExecutionListener, org.springframework.boot.test.mock.mockito.MockitoTestExecutionListener, org.springframework.boot.test.mock.mockito.ResetMocksTestExecutionListener, org.springframework.test.context.web.ServletTestExecutionListener, org.springframework.test.context.support.DirtiesContextBeforeModesTestExecutionListener, org.springframework.test.context.support.DependencyInjectionTestExecutionListener, org.springframework.test.context.support.DirtiesContextTestExecutionListener, org.springframework.test.context.transaction.TransactionalTestExecutionListener, org.springframework.test.context.jdbc.SqlScriptsTestExecutionListener, org.springframework.test.context.event.EventPublishingTestExecutionListener]
20:10:23.693 [Test worker] DEBUG org.springframework.boot.test.context.SpringBootTestContextBootstrapper - Skipping candidate TestExecutionListener [org.springframework.test.context.transaction.TransactionalTestExecutionListener] due to a missing dependency. Specify custom listener classes or make the default listener classes and their required dependencies available. Offending class: [org/springframework/transaction/TransactionDefinition]
20:10:23.693 [Test worker] DEBUG org.springframework.boot.test.context.SpringBootTestContextBootstrapper - Skipping candidate TestExecutionListener [org.springframework.test.context.jdbc.SqlScriptsTestExecutionListener] due to a missing dependency. Specify custom listener classes or make the default listener classes and their required dependencies available. Offending class: [org/springframework/transaction/interceptor/TransactionAttribute]
20:10:23.694 [Test worker] INFO org.springframework.boot.test.context.SpringBootTestContextBootstrapper - Using TestExecutionListeners: [org.springframework.test.context.web.ServletTestExecutionListener@a8aa3f0, org.springframework.test.context.support.DirtiesContextBeforeModesTestExecutionListener@1545fc7b, org.springframework.boot.test.mock.mockito.MockitoTestExecutionListener@432bf345, org.springframework.boot.test.autoconfigure.SpringBootDependencyInjectionTestExecutionListener@6aec6be6, org.springframework.test.context.support.DirtiesContextTestExecutionListener@35a6c068, org.springframework.test.context.event.EventPublishingTestExecutionListener@fba4483, org.springframework.boot.test.autoconfigure.restdocs.RestDocsTestExecutionListener@13173fea, org.springframework.boot.test.autoconfigure.web.client.MockRestServiceServerResetTestExecutionListener@1a2dc535, org.springframework.boot.test.autoconfigure.web.servlet.MockMvcPrintOnlyOnFailureTestExecutionListener@198be398, org.springframework.boot.test.autoconfigure.web.servlet.WebDriverTestExecutionListener@44482276, org.springframework.boot.test.autoconfigure.webservices.client.MockWebServiceServerTestExecutionListener@6e8aad7a, org.springframework.boot.test.mock.mockito.ResetMocksTestExecutionListener@1afac9f3]
20:10:23.698 [Test worker] DEBUG org.springframework.test.context.support.AbstractDirtiesContextTestExecutionListener - Before test class: context [DefaultTestContext@605338c4 testClass = RestServiceApplicationTest, testInstance = [null], testMethod = [null], testException = [null], mergedContextConfiguration = [WebMergedContextConfiguration@5555da2e testClass = RestServiceApplicationTest, locations = '{}', classes = '{class com.beta.replyservice.RestServiceApplication}', contextInitializerClasses = '[]', activeProfiles = '{}', propertySourceLocations = '{}', propertySourceProperties = '{org.springframework.boot.test.context.SpringBootTestContextBootstrapper=true}', contextCustomizers = set[org.springframework.boot.test.autoconfigure.properties.PropertyMappingContextCustomizer@0, org.springframework.boot.test.autoconfigure.web.servlet.WebDriverContextCustomizerFactory$Customizer@62d54f8c, org.springframework.boot.test.context.filter.ExcludeFilterContextCustomizer@59d05a86, org.springframework.boot.test.json.DuplicateJsonObjectContextCustomizerFactory$DuplicateJsonObjectContextCustomizer@64d19538, org.springframework.boot.test.mock.mockito.MockitoContextCustomizer@0, org.springframework.boot.test.web.client.TestRestTemplateContextCustomizer@61ac63cd, org.springframework.boot.test.context.SpringBootTestArgs@1], resourceBasePath = 'src/main/webapp', contextLoader = 'org.springframework.boot.test.context.SpringBootContextLoader', parent = [null]], attributes = map['org.springframework.test.context.web.ServletTestExecutionListener.activateListener' -> true]], class annotated with @DirtiesContext [false] with mode [null].
20:10:23.741 [Test worker] DEBUG org.springframework.test.context.support.TestPropertySourceUtils - Adding inlined properties to environment: {spring.jmx.enabled=false, org.springframework.boot.test.context.SpringBootTestContextBootstrapper=true}

  .   ____          _            __ _ _
 /\\ / ___'_ __ _ _(_)_ __  __ _ \ \ \ \
( ( )\___ | '_ | '_| | '_ \/ _` | \ \ \ \
 \\/  ___)| |_)| | | | | || (_| |  ) ) ) )
  '  |____| .__|_| |_|_| |_\__, | / / / /
 =========|_|==============|___/=/_/_/_/
 :: Spring Boot ::        (v2.3.2.RELEASE)

2021-09-15 20:10:29.132  INFO 10403 --- [    Test worker] c.b.r.RestServiceApplicationTest         : Starting RestServiceApplicationTest on umma-khazanahs-MacBook-Air.local with PID 10403 (started by umma_khazanah in /Users/umma_khazanah/testSingaporeCompany/string-reply)
2021-09-15 20:10:29.133  INFO 10403 --- [    Test worker] c.b.r.RestServiceApplicationTest         : No active profile set, falling back to default profiles: default
2021-09-15 20:10:30.421  INFO 10403 --- [    Test worker] o.s.s.concurrent.ThreadPoolTaskExecutor  : Initializing ExecutorService 'applicationTaskExecutor'
2021-09-15 20:10:30.809  INFO 10403 --- [    Test worker] c.b.r.RestServiceApplicationTest         : Started RestServiceApplicationTest in 7.057 seconds (JVM running for 8.447)
]]></system-out>
  <system-err><![CDATA[]]></system-err>
</testsuite>
